<?xml version="1.0" encoding="UTF-8"?>
<!-- Generated by org.testng.reporters.JUnitXMLReporter -->
<testsuite hostname="DESKTOP-HR5TD9H" ignored="0" name="Free CRM App Test Cases" tests="9" failures="0" timestamp="2020-09-03T11:22:14 IST" time="156.682" errors="0">
  <testcase name="loginPageTitleTest" time="0.255" classname="com.crm.qa.testcases.LoginPageTest"/>
  <testcase name="loginPageForgetPasswordTest" time="0.212" classname="com.crm.qa.testcases.LoginPageTest"/>
  <testcase name="logintest" time="1.879" classname="com.crm.qa.testcases.LoginPageTest"/>
  <testcase name="validatHomePageTitleTest" time="0.036" classname="com.crm.qa.testcases.HomePageTest"/>
  <testcase name="verifyHomePageLogoTest" time="3.989" classname="com.crm.qa.testcases.HomePageTest"/>
  <testcase name="verifyUserNameLabelTest" time="3.888" classname="com.crm.qa.testcases.HomePageTest"/>
  <testcase name="verifyContactLinkPage" time="3.73" classname="com.crm.qa.testcases.HomePageTest"/>
  <testcase name="verifyContactsPageLabel" time="0.295" classname="com.crm.qa.testcases.ContactsPageTest"/>
  <testcase name="validateNewContact" time="6.188" classname="com.crm.qa.testcases.ContactsPageTest"/>
</testsuite> <!-- Free CRM App Test Cases -->
