<?xml version="1.0" encoding="UTF-8"?>
<!-- Generated by org.testng.reporters.JUnitXMLReporter -->
<testsuite hostname="DESKTOP-HR5TD9H" ignored="0" name="Surefire test" tests="9" failures="0" timestamp="2020-09-03T12:47:49 IST" time="224.034" errors="0">
  <testcase name="verifyContactsPageLabel" time="0.973" classname="com.crm.qa.testcases.ContactsPageTest"/>
  <testcase name="validateNewContact" time="24.148" classname="com.crm.qa.testcases.ContactsPageTest"/>
  <testcase name="validatHomePageTitleTest" time="0.028" classname="com.crm.qa.testcases.HomePageTest"/>
  <testcase name="verifyHomePageLogoTest" time="4.437" classname="com.crm.qa.testcases.HomePageTest"/>
  <testcase name="verifyUserNameLabelTest" time="3.948" classname="com.crm.qa.testcases.HomePageTest"/>
  <testcase name="verifyContactLinkPage" time="4.51" classname="com.crm.qa.testcases.HomePageTest"/>
  <testcase name="loginPageTitleTest" time="0.025" classname="com.crm.qa.testcases.LoginPageTest"/>
  <testcase name="loginPageForgetPasswordTest" time="0.087" classname="com.crm.qa.testcases.LoginPageTest"/>
  <testcase name="logintest" time="1.568" classname="com.crm.qa.testcases.LoginPageTest"/>
</testsuite> <!-- Surefire test -->
