<?xml version="1.0" encoding="UTF-8"?>
<!-- Generated by org.testng.reporters.JUnitXMLReporter -->
<testsuite hostname="DESKTOP-HR5TD9H" ignored="1" name="Default test" tests="4" failures="0" timestamp="2020-09-05T12:15:30 IST" time="87.711" errors="0">
  <testcase name="validateNewContact" time="5.397" classname="com.crm.qa.testcases.ContactsPageTest"/>
  <testcase name="validateNewContact" time="5.759" classname="com.crm.qa.testcases.ContactsPageTest"/>
  <testcase name="validateNewContact" time="6.398" classname="com.crm.qa.testcases.ContactsPageTest"/>
  <testcase name="validateNewContact" time="6.012" classname="com.crm.qa.testcases.ContactsPageTest"/>
  <testcase name="verifyContactsPageLabel" time="0.0" classname="com.crm.qa.testcases.ContactsPageTest">
    <ignored/>
  </testcase> <!-- verifyContactsPageLabel -->
</testsuite> <!-- Default test -->
