<?xml version="1.0" encoding="UTF-8"?>
<testng-results skipped="0" failed="0" ignored="1" total="5" passed="4">
  <reporter-output>
  </reporter-output>
  <suite name="Default suite" duration-ms="87711" started-at="2020-09-05T12:14:02 IST" finished-at="2020-09-05T12:15:30 IST">
    <groups>
    </groups>
    <test name="Default test" duration-ms="87711" started-at="2020-09-05T12:14:02 IST" finished-at="2020-09-05T12:15:30 IST">
      <class name="com.crm.qa.testcases.ContactsPageTest">
        <test-method status="PASS" signature="setUp()[pri:0, instance:com.crm.qa.testcases.ContactsPageTest@59e5ddf]" name="setUp" is-config="true" duration-ms="16004" started-at="2020-09-05T12:14:03 IST" finished-at="2020-09-05T12:14:19 IST">
          <reporter-output>
          </reporter-output>
        </test-method> <!-- setUp -->
        <test-method status="PASS" signature="validateNewContact(java.lang.String, java.lang.String, java.lang.String, java.lang.String)[pri:2, instance:com.crm.qa.testcases.ContactsPageTest@59e5ddf]" name="validateNewContact" duration-ms="5397" started-at="2020-09-05T12:14:19 IST" data-provider="getCRMTestData" finished-at="2020-09-05T12:14:25 IST">
          <params>
            <param index="0">
              <value>
                <![CDATA[Dhruv]]>
              </value>
            </param>
            <param index="1">
              <value>
                <![CDATA[Tara]]>
              </value>
            </param>
            <param index="2">
              <value>
                <![CDATA[DhruvTara@gmail.com]]>
              </value>
            </param>
            <param index="3">
              <value>
                <![CDATA[Sky]]>
              </value>
            </param>
          </params>
          <reporter-output>
          </reporter-output>
        </test-method> <!-- validateNewContact -->
        <test-method status="PASS" signature="tearDown()[pri:0, instance:com.crm.qa.testcases.ContactsPageTest@59e5ddf]" name="tearDown" is-config="true" duration-ms="1025" started-at="2020-09-05T12:14:25 IST" finished-at="2020-09-05T12:14:26 IST">
          <reporter-output>
          </reporter-output>
        </test-method> <!-- tearDown -->
        <test-method status="PASS" signature="setUp()[pri:0, instance:com.crm.qa.testcases.ContactsPageTest@59e5ddf]" name="setUp" is-config="true" duration-ms="14132" started-at="2020-09-05T12:14:26 IST" finished-at="2020-09-05T12:14:40 IST">
          <reporter-output>
          </reporter-output>
        </test-method> <!-- setUp -->
        <test-method status="PASS" signature="validateNewContact(java.lang.String, java.lang.String, java.lang.String, java.lang.String)[pri:2, instance:com.crm.qa.testcases.ContactsPageTest@59e5ddf]" name="validateNewContact" duration-ms="5759" started-at="2020-09-05T12:14:40 IST" data-provider="getCRMTestData" finished-at="2020-09-05T12:14:45 IST">
          <params>
            <param index="0">
              <value>
                <![CDATA[Sapt]]>
              </value>
            </param>
            <param index="1">
              <value>
                <![CDATA[Rishi]]>
              </value>
            </param>
            <param index="2">
              <value>
                <![CDATA[SaptRishi@gmail.com]]>
              </value>
            </param>
            <param index="3">
              <value>
                <![CDATA[Ayodhya]]>
              </value>
            </param>
          </params>
          <reporter-output>
          </reporter-output>
        </test-method> <!-- validateNewContact -->
        <test-method status="PASS" signature="tearDown()[pri:0, instance:com.crm.qa.testcases.ContactsPageTest@59e5ddf]" name="tearDown" is-config="true" duration-ms="1071" started-at="2020-09-05T12:14:45 IST" finished-at="2020-09-05T12:14:47 IST">
          <reporter-output>
          </reporter-output>
        </test-method> <!-- tearDown -->
        <test-method status="PASS" signature="setUp()[pri:0, instance:com.crm.qa.testcases.ContactsPageTest@59e5ddf]" name="setUp" is-config="true" duration-ms="14616" started-at="2020-09-05T12:14:47 IST" finished-at="2020-09-05T12:15:01 IST">
          <reporter-output>
          </reporter-output>
        </test-method> <!-- setUp -->
        <test-method status="PASS" signature="validateNewContact(java.lang.String, java.lang.String, java.lang.String, java.lang.String)[pri:2, instance:com.crm.qa.testcases.ContactsPageTest@59e5ddf]" name="validateNewContact" duration-ms="6398" started-at="2020-09-05T12:15:01 IST" data-provider="getCRMTestData" finished-at="2020-09-05T12:15:08 IST">
          <params>
            <param index="0">
              <value>
                <![CDATA[Krishna ]]>
              </value>
            </param>
            <param index="1">
              <value>
                <![CDATA[Madhusudhan]]>
              </value>
            </param>
            <param index="2">
              <value>
                <![CDATA[Madhusudan@yahoo.com]]>
              </value>
            </param>
            <param index="3">
              <value>
                <![CDATA[Dwarka]]>
              </value>
            </param>
          </params>
          <reporter-output>
          </reporter-output>
        </test-method> <!-- validateNewContact -->
        <test-method status="PASS" signature="tearDown()[pri:0, instance:com.crm.qa.testcases.ContactsPageTest@59e5ddf]" name="tearDown" is-config="true" duration-ms="1108" started-at="2020-09-05T12:15:08 IST" finished-at="2020-09-05T12:15:09 IST">
          <reporter-output>
          </reporter-output>
        </test-method> <!-- tearDown -->
        <test-method status="PASS" signature="setUp()[pri:0, instance:com.crm.qa.testcases.ContactsPageTest@59e5ddf]" name="setUp" is-config="true" duration-ms="13962" started-at="2020-09-05T12:15:09 IST" finished-at="2020-09-05T12:15:23 IST">
          <reporter-output>
          </reporter-output>
        </test-method> <!-- setUp -->
        <test-method status="PASS" signature="validateNewContact(java.lang.String, java.lang.String, java.lang.String, java.lang.String)[pri:2, instance:com.crm.qa.testcases.ContactsPageTest@59e5ddf]" name="validateNewContact" duration-ms="6012" started-at="2020-09-05T12:15:23 IST" data-provider="getCRMTestData" finished-at="2020-09-05T12:15:29 IST">
          <params>
            <param index="0">
              <value>
                <![CDATA[Narsimha]]>
              </value>
            </param>
            <param index="1">
              <value>
                <![CDATA[Avatar]]>
              </value>
            </param>
            <param index="2">
              <value>
                <![CDATA[Avatar@yahoo.com]]>
              </value>
            </param>
            <param index="3">
              <value>
                <![CDATA[Dwarka]]>
              </value>
            </param>
          </params>
          <reporter-output>
          </reporter-output>
        </test-method> <!-- validateNewContact -->
        <test-method status="PASS" signature="tearDown()[pri:0, instance:com.crm.qa.testcases.ContactsPageTest@59e5ddf]" name="tearDown" is-config="true" duration-ms="1123" started-at="2020-09-05T12:15:29 IST" finished-at="2020-09-05T12:15:30 IST">
          <reporter-output>
          </reporter-output>
        </test-method> <!-- tearDown -->
      </class> <!-- com.crm.qa.testcases.ContactsPageTest -->
    </test> <!-- Default test -->
  </suite> <!-- Default suite -->
</testng-results>
